P02549343A1008|340 349|complement
P07642538A0138|274 277|MAPK
P07657162A1412|140 142|HMG
P07959760A0763|300 301|CA
P08207405A0372|188 192|HSP70
P08432137A0000|214 216|IFN
P08654375A0544|134 136|POU
P08760286A0696|229 232|MAPK
P09099745A1446|233 235|CDK
P09159111A0437|55 56|CD
P09420269A0000|156 165|complement
P09855111A0905|259 261|HMG
P10212278A0387|188 191|MAPK
P10233147A0218|88 91|MAPK
P10490604A0601|92 95|NFAT
P10490609A0413|187 189|ARS
P10543727A0282|304 306|HLA
P10744749A0315|161 164|bHLH
P10758489A0206|84 86|CDK
P10773667A0351|3 5|HMG
P10890911A0470|48 50|HMG
P10997863A0753|19 21|NAA
P11028131A1374|109 111|IFN
P11044097A0422|24 26|HMG
P11069756A2618|245 248|MAPK
P11145955A0189|197 200|MAPK
P11157035A1405|107 109|IFN
P11212327A1564|63 65|PIG
P11226752A0750|142 145|bHLH
P11238405A0817|127 130|MAPK
P11265853A0000|64 65|CA
P11278400A0668|63 65|POU
P11278610A0902|14 17|SOCS
P11303027A0954|63 65|ARF
P11353774A0255|197 198|NR
P11368914T0071|33 42|complement
P11371417A0744|162 163|IL
P11420612A0303|3 12|complement
P11431348A0000|118 121|MAPK
P11472696A0387|78 80|ACS
P11486476A0147|223 225|ACS
P11532856A1175|137 140|MAPK
P11553704A0674|102 105|MAPK
P11560992A0000|56 59|MAPK
P11866130A0419|49 58|complement
P11882747A0354|0 1|CD
P11920896A0298|128 130|FPR
