10/10/14 11:22:52 PM - 10: org.apache.uima.analysis_engine.impl.PrimitiveAnalysisEngine_impl.callAnalysisComponentProcess(407): SEVERE: Exception occurred
org.apache.uima.analysis_engine.AnalysisEngineProcessException: Annotator processing failed.    
	at org.apache.uima.analysis_engine.impl.PrimitiveAnalysisEngine_impl.callAnalysisComponentProcess(PrimitiveAnalysisEngine_impl.java:391)
	at org.apache.uima.analysis_engine.impl.PrimitiveAnalysisEngine_impl.processAndOutputNewCASes(PrimitiveAnalysisEngine_impl.java:296)
	at org.apache.uima.analysis_engine.asb.impl.ASB_impl$AggregateCasIterator.processUntilNextOutputCas(ASB_impl.java:567)
	at org.apache.uima.analysis_engine.asb.impl.ASB_impl$AggregateCasIterator.<init>(ASB_impl.java:409)
	at org.apache.uima.analysis_engine.asb.impl.ASB_impl.process(ASB_impl.java:342)
	at org.apache.uima.analysis_engine.impl.AggregateAnalysisEngine_impl.processAndOutputNewCASes(AggregateAnalysisEngine_impl.java:267)
	at org.apache.uima.analysis_engine.impl.AnalysisEngineImplBase.process(AnalysisEngineImplBase.java:267)
	at org.apache.uima.collection.impl.cpm.engine.ProcessingUnit.processNext(ProcessingUnit.java:897)
	at org.apache.uima.collection.impl.cpm.engine.ProcessingUnit.run(ProcessingUnit.java:577)
Caused by: java.lang.ClassCastException: [Lorg.apache.uima.cas.FeatureStructure; cannot be cast to [Lts.PredictedGene;
	at ae.FinalGenePredictorAnnotator.addOrMergePredictedGene(FinalGenePredictorAnnotator.java:88)
	at ae.FinalGenePredictorAnnotator.process(FinalGenePredictorAnnotator.java:76)
	at org.apache.uima.analysis_component.JCasAnnotator_ImplBase.process(JCasAnnotator_ImplBase.java:48)
	at org.apache.uima.analysis_engine.impl.PrimitiveAnalysisEngine_impl.callAnalysisComponentProcess(PrimitiveAnalysisEngine_impl.java:375)
	... 8 more

10/10/14 11:22:52 PM - 10: org.apache.uima.analysis_engine.impl.AggregateAnalysisEngine_impl.processAndOutputNewCASes(275): SEVERE: Exception occurred
org.apache.uima.analysis_engine.AnalysisEngineProcessException: Annotator processing failed.    
	at org.apache.uima.analysis_engine.impl.PrimitiveAnalysisEngine_impl.callAnalysisComponentProcess(PrimitiveAnalysisEngine_impl.java:391)
	at org.apache.uima.analysis_engine.impl.PrimitiveAnalysisEngine_impl.processAndOutputNewCASes(PrimitiveAnalysisEngine_impl.java:296)
	at org.apache.uima.analysis_engine.asb.impl.ASB_impl$AggregateCasIterator.processUntilNextOutputCas(ASB_impl.java:567)
	at org.apache.uima.analysis_engine.asb.impl.ASB_impl$AggregateCasIterator.<init>(ASB_impl.java:409)
	at org.apache.uima.analysis_engine.asb.impl.ASB_impl.process(ASB_impl.java:342)
	at org.apache.uima.analysis_engine.impl.AggregateAnalysisEngine_impl.processAndOutputNewCASes(AggregateAnalysisEngine_impl.java:267)
	at org.apache.uima.analysis_engine.impl.AnalysisEngineImplBase.process(AnalysisEngineImplBase.java:267)
	at org.apache.uima.collection.impl.cpm.engine.ProcessingUnit.processNext(ProcessingUnit.java:897)
	at org.apache.uima.collection.impl.cpm.engine.ProcessingUnit.run(ProcessingUnit.java:577)
Caused by: java.lang.ClassCastException: [Lorg.apache.uima.cas.FeatureStructure; cannot be cast to [Lts.PredictedGene;
	at ae.FinalGenePredictorAnnotator.addOrMergePredictedGene(FinalGenePredictorAnnotator.java:88)
	at ae.FinalGenePredictorAnnotator.process(FinalGenePredictorAnnotator.java:76)
	at org.apache.uima.analysis_component.JCasAnnotator_ImplBase.process(JCasAnnotator_ImplBase.java:48)
	at org.apache.uima.analysis_engine.impl.PrimitiveAnalysisEngine_impl.callAnalysisComponentProcess(PrimitiveAnalysisEngine_impl.java:375)
	... 8 more

10/10/14 11:22:52 PM - 10: org.apache.uima.collection.impl.cpm.engine.ProcessingUnit.process: SEVERE: The container hw2-mgowayye-aae returned the following error message: Annotator processing failed.     (Thread Name: [Procesing Pipeline#1 Thread]::) 
10/10/14 11:22:52 PM - 10: org.apache.uima.collection.impl.cpm.engine.ProcessingUnit.maybeLogSevereException(2502): SEVERE: Thread: [Procesing Pipeline#1 Thread]::, message: Annotator processing failed.    
org.apache.uima.analysis_engine.AnalysisEngineProcessException: Annotator processing failed.    
	at org.apache.uima.analysis_engine.impl.PrimitiveAnalysisEngine_impl.callAnalysisComponentProcess(PrimitiveAnalysisEngine_impl.java:391)
	at org.apache.uima.analysis_engine.impl.PrimitiveAnalysisEngine_impl.processAndOutputNewCASes(PrimitiveAnalysisEngine_impl.java:296)
	at org.apache.uima.analysis_engine.asb.impl.ASB_impl$AggregateCasIterator.processUntilNextOutputCas(ASB_impl.java:567)
	at org.apache.uima.analysis_engine.asb.impl.ASB_impl$AggregateCasIterator.<init>(ASB_impl.java:409)
	at org.apache.uima.analysis_engine.asb.impl.ASB_impl.process(ASB_impl.java:342)
	at org.apache.uima.analysis_engine.impl.AggregateAnalysisEngine_impl.processAndOutputNewCASes(AggregateAnalysisEngine_impl.java:267)
	at org.apache.uima.analysis_engine.impl.AnalysisEngineImplBase.process(AnalysisEngineImplBase.java:267)
	at org.apache.uima.collection.impl.cpm.engine.ProcessingUnit.processNext(ProcessingUnit.java:897)
	at org.apache.uima.collection.impl.cpm.engine.ProcessingUnit.run(ProcessingUnit.java:577)
Caused by: java.lang.ClassCastException: [Lorg.apache.uima.cas.FeatureStructure; cannot be cast to [Lts.PredictedGene;
	at ae.FinalGenePredictorAnnotator.addOrMergePredictedGene(FinalGenePredictorAnnotator.java:88)
	at ae.FinalGenePredictorAnnotator.process(FinalGenePredictorAnnotator.java:76)
	at org.apache.uima.analysis_component.JCasAnnotator_ImplBase.process(JCasAnnotator_ImplBase.java:48)
	at org.apache.uima.analysis_engine.impl.PrimitiveAnalysisEngine_impl.callAnalysisComponentProcess(PrimitiveAnalysisEngine_impl.java:375)
	... 8 more

10/10/14 11:22:54 PM - 10: org.apache.uima.collection.impl.cpm.container.ProcessingContainer_Impl.process: SEVERE: The CPM stopped because the configured error threshold 0 was exceeded. (Thread Name: [Procesing Pipeline#1 Thread]::) Component Name: hw2-mgowayye-aae 
10/10/14 11:22:54 PM - 10: org.apache.uima.collection.impl.cpm.engine.ProcessingUnit.process: SEVERE: The CPM is terminating. The current component is hw2-mgowayye-aae. (Thread Name: [Procesing Pipeline#1 Thread]::) 
10/10/14 11:22:54 PM - 10: org.apache.uima.collection.impl.cpm.engine.ProcessingUnit.process: WARNING: The CPM cannot be stopped by force. The current container is hw2-mgowayye-aae. (Thread Name: [Procesing Pipeline#1 Thread]::) Reason: The CAS processor hw2-mgowayye-aae is configured to stop the CPM when excessive errors are encountered.  (Thread Name: [Procesing Pipeline#1 Thread]::)
10/10/14 11:22:54 PM - 10: org.apache.uima.collection.impl.cpm.engine.ProcessingUnit.maybeLogSevereException(2502): SEVERE: Thread: [Procesing Pipeline#1 Thread]::, message: 
org.apache.uima.collection.base_cpm.AbortCPMException: 
	at org.apache.uima.collection.impl.cpm.container.ProcessingContainer_Impl.incrementCasProcessorErrors(ProcessingContainer_Impl.java:804)
	at org.apache.uima.collection.impl.cpm.engine.ProcessingUnit.processNext(ProcessingUnit.java:1041)
	at org.apache.uima.collection.impl.cpm.engine.ProcessingUnit.run(ProcessingUnit.java:577)

10/10/14 11:22:54 PM - 10: org.apache.uima.collection.impl.cpm.engine.CPMEngine.process: INFO: The collection reader thread state is: 1004 (Thread Name: [Procesing Pipeline#1 Thread]::) 
10/10/14 11:22:54 PM - 10: org.apache.uima.collection.impl.cpm.engine.CPMEngine.process: INFO: The CPM processing unit is 0 and processing state 2003. (Thread Name: [Procesing Pipeline#1 Thread]::)
10/10/14 11:22:54 PM - 10: org.apache.uima.collection.impl.cpm.engine.CPMEngine.process: INFO: The application stopped the CPM. (Thread Name: [Procesing Pipeline#1 Thread]::)
10/10/14 11:22:54 PM - 10: org.apache.uima.collection.impl.cpm.engine.CPMEngine.process: INFO: The CPM engine is stopping. An end-of-file token is added to the worker queue. (Thread Name: [Procesing Pipeline#1 Thread]::) Forced stop: true
